<?xml version="1.0" encoding="UTF-8"?><testsuite errors="0" failures="0" name="org.example.features.search.SearchByKeywordStory" skipped="1" tests="5" time="21.84" timestamp="2024-05-12 08:11:53"><testcase classname="org.example.features.search.SearchByKeywordStory" name="Searching by keyword laptop should display the corresponding article"/><testcase classname="org.example.features.search.SearchByKeywordStory" name="Searching by keyword dog should display the corresponding article"/><testcase classname="org.example.features.search.SearchByKeywordStory" name="Searching by keyword banana should display the corresponding article"/><testcase classname="org.example.features.search.SearchByKeywordStory" name="Searching by ambiguious keyword should display the disambiguation page"><skipped/></testcase><testcase classname="org.example.features.search.SearchByKeywordStory" name="Searching by keyword apple should display the corresponding article"/></testsuite>